Vivado Simulator 2019.1
Copyright 1986-1999, 2001-2019 Xilinx, Inc. All Rights Reserved.
Running: C:/Xilinx/Vivado/2019.1/bin/unwrapped/win64.o/xelab.exe -wto cb114c29c75e428390ab78842ce33716 --incr --debug typical --relax --mt 2 -L xil_defaultlib -L secureip --snapshot encryption_system_tb_behav xil_defaultlib.encryption_system_tb -log elaborate.log 
Using 2 slave threads.
Starting static elaboration
Completed static elaboration
Starting simulation data flow analysis
Completed simulation data flow analysis
Time Resolution for simulation is 1ps
Compiling package std.standard
Compiling package std.textio
Compiling package ieee.std_logic_1164
Compiling package ieee.numeric_std
Compiling package ieee.std_logic_arith
Compiling package ieee.std_logic_unsigned
Compiling architecture behavioral of entity xil_defaultlib.ascii_comparator [ascii_comparator_default]
Compiling architecture behavioral of entity xil_defaultlib.barrel_shifter [barrel_shifter_default]
Compiling architecture behavioral of entity xil_defaultlib.xor_encrypt [xor_encrypt_default]
Compiling architecture behavioral of entity xil_defaultlib.xor_decrypt [xor_decrypt_default]
Compiling architecture behavioral of entity xil_defaultlib.case_converter [case_converter_default]
Compiling architecture behavioral of entity xil_defaultlib.encryption_system [encryption_system_default]
Compiling architecture structural of entity xil_defaultlib.encryption_system_tb
Built simulation snapshot encryption_system_tb_behav
